[debug] > Exec(;reload; set _root_.org.jetbrains.sbt.StructureKeys.sbtStructureOptions in Global := "download resolveClassifiers" ;preferScala2;*/*:dumpStructureTo C:/Users/ylptr/AppData/Local/Temp/sbt-structure.xml; session clear-all ; set ideaPort in Global := 62707, None, None)
[debug] > Exec(reload, None, None)
[debug] > Exec(sbtStashOnFailure, None, None)
[debug] > Exec(onFailure loadFailed, None, None)
[debug] > Exec(loadp, None, None)
[info] welcome to sbt 1.6.0 (Oracle Corporation Java 19)
[debug]       Load.loadUnit: plugins took 35.4347ms
[debug]       Load.loadUnit: defsScala took 0.013ms
[debug] [Loading] Scanning directory C:\Users\ylptr\.sbt\1.0\plugins
[debug] [Loading] Found non-root projects 
[debug] [Loading] Done in C:\Users\ylptr\.sbt\1.0\plugins, returning: ()
[debug] deducing auto plugins based on known facts Set(Atom(sbt.plugins.CorePlugin)) and clauses Clauses(Clause(Atom(sbt.plugins.JvmPlugin),Set(Atom(sbt.plugins.IvyPlugin)))
[debug] Clause(Atom(sbt.ScriptedPlugin),Set(Atom(sbt.plugins.JvmPlugin)))
[debug] Clause(Atom(sbt.plugins.SbtPlugin),Set(Atom(sbt.ScriptedPlugin)))
[debug] Clause(Atom(sbt.plugins.SemanticdbPlugin),Set(Atom(sbt.plugins.JvmPlugin)))
[debug] Clause(Atom(sbt.plugins.JUnitXmlReportPlugin),Set(Atom(sbt.plugins.JvmPlugin)))
[debug] Clause(Atom(sbt.plugins.MiniDependencyTreePlugin),Set(Atom(sbt.plugins.JvmPlugin)))
[debug] Clause(Atom(sbt.plugins.CorePlugin),Set(Atom(sbt.plugins.IvyPlugin)))
[debug] Clause(Atom(sbt.plugins.IvyPlugin),Set(Atom(sbt.plugins.JvmPlugin)))
[debug] Clause(Atom(sbt.plugins.JvmPlugin),Set(Atom(sbt.plugins.SemanticdbPlugin)))
[debug] Clause(Atom(sbt.plugins.JvmPlugin),Set(Atom(sbt.plugins.JUnitXmlReportPlugin)))
[debug] Clause(Atom(sbt.plugins.CorePlugin),Set(Atom(sbt.plugins.Giter8TemplatePlugin)))
[debug] Clause(Atom(sbt.plugins.JvmPlugin),Set(Atom(sbt.plugins.MiniDependencyTreePlugin))))
[debug]   :: deduced result: Matched(sbt.plugins.CorePlugin,sbt.plugins.Giter8TemplatePlugin,sbt.plugins.IvyPlugin,sbt.plugins.JvmPlugin,sbt.plugins.MiniDependencyTreePlugin,sbt.plugins.JUnitXmlReportPlugin,sbt.plugins.SemanticdbPlugin)
[debug] Plugins.deducer#function took 2.9451 ms
[debug]           Load.resolveProject(global-plugins) took 2.0419ms
[debug]         Load.loadTransitive: finalizeProject(Project(id global-plugins, base: C:\Users\ylptr\.sbt\1.0\plugins, plugins: List(<none>))) took 6.0506ms
[debug] [Loading] Done in C:\Users\ylptr\.sbt\1.0\plugins, returning: (global-plugins)
[debug]       Load.loadUnit: loadedProjectsRaw took 8.9223ms
[debug]       Load.loadUnit: cleanEvalClasses took 0.0209ms
[debug]     Load.loadUnit(file:/C:/Users/ylptr/.sbt/1.0/plugins/, ...) took 45.8853ms
[debug]   Load.apply: load took 48.0418ms
[debug]   Load.apply: resolveProjects took 0.2326ms
[debug]   Load.apply: finalTransforms took 10.4604ms
[debug]   Load.apply: config.delegates took 0.4846ms
[debug]   Load.apply: Def.make(settings)... took 88.3586ms
[debug]   Load.apply: structureIndex took 38.1572ms
[debug]   Load.apply: mkStreams took 0.0032ms
[info] loading global plugins from C:\Users\ylptr\.sbt\1.0\plugins
[debug] Running task... Cancel: Signal, check cycles: false, forcegc: true
[debug] Load.defaultLoad until apply took 657.6749ms
[debug]           Load.loadUnit: plugins took 45.4185ms
[debug]           Load.loadUnit: defsScala took 0.016ms
[debug] [Loading] Scanning directory D:\ЖаваБИ\untitled\project
[debug]             Load.loadUnit: mkEval took 0.5945ms
[debug] [Loading] Found non-root projects 
[debug] [Loading] Done in D:\ЖаваБИ\untitled\project, returning: ()
[debug] deducing auto plugins based on known facts Set(Atom(sbt.plugins.CorePlugin)) and clauses Clauses(Clause(Atom(sbt.plugins.JvmPlugin),Set(Atom(sbt.plugins.IvyPlugin)))
[debug] Clause(Atom(sbt.ScriptedPlugin),Set(Atom(sbt.plugins.JvmPlugin)))
[debug] Clause(Atom(sbt.plugins.SbtPlugin),Set(Atom(sbt.ScriptedPlugin)))
[debug] Clause(Atom(sbt.plugins.SemanticdbPlugin),Set(Atom(sbt.plugins.JvmPlugin)))
[debug] Clause(Atom(sbt.plugins.JUnitXmlReportPlugin),Set(Atom(sbt.plugins.JvmPlugin)))
[debug] Clause(Atom(sbt.plugins.MiniDependencyTreePlugin),Set(Atom(sbt.plugins.JvmPlugin)))
[debug] Clause(Atom(sbt.plugins.CorePlugin),Set(Atom(sbt.plugins.IvyPlugin)))
[debug] Clause(Atom(sbt.plugins.IvyPlugin),Set(Atom(sbt.plugins.JvmPlugin)))
[debug] Clause(Atom(sbt.plugins.JvmPlugin),Set(Atom(sbt.plugins.SemanticdbPlugin)))
[debug] Clause(Atom(sbt.plugins.JvmPlugin),Set(Atom(sbt.plugins.JUnitXmlReportPlugin)))
[debug] Clause(Atom(sbt.plugins.CorePlugin),Set(Atom(sbt.plugins.Giter8TemplatePlugin)))
[debug] Clause(Atom(sbt.plugins.JvmPlugin),Set(Atom(sbt.plugins.MiniDependencyTreePlugin))))
[debug]   :: deduced result: Matched(sbt.plugins.CorePlugin,sbt.plugins.Giter8TemplatePlugin,sbt.plugins.IvyPlugin,sbt.plugins.JvmPlugin,sbt.plugins.MiniDependencyTreePlugin,sbt.plugins.JUnitXmlReportPlugin,sbt.plugins.SemanticdbPlugin)
[debug] Plugins.deducer#function took 3.0214 ms
[info] loading settings for project untitled-build from idea.sbt ...
[debug]               Load.resolveProject(untitled-build) took 17.1028ms
[debug]             Load.loadTransitive: finalizeProject(Project(id untitled-build, base: D:\ЖаваБИ\untitled\project, plugins: List(<none>))) took 21.4513ms
[debug] [Loading] Done in D:\ЖаваБИ\untitled\project, returning: (untitled-build)
[debug]           Load.loadUnit: loadedProjectsRaw took 62.1264ms
[debug]           Load.loadUnit: cleanEvalClasses took 3.2211ms
[debug]         Load.loadUnit(file:/D:/ЖаваБИ/untitled/project/, ...) took 112.8142ms
[debug]       Load.apply: load took 115.2338ms
[debug]       Load.apply: resolveProjects took 0.2232ms
[debug]       Load.apply: finalTransforms took 15.6861ms
[debug]       Load.apply: config.delegates took 0.4393ms
[debug]       Load.apply: Def.make(settings)... took 130.3371ms
[debug]       Load.apply: structureIndex took 24.5485ms
[debug]       Load.apply: mkStreams took 0.0026ms
[info] loading project definition from D:\ЖаваБИ\untitled\project
[debug] Running task... Cancel: Signal, check cycles: false, forcegc: true
[debug]     Load.loadUnit: plugins took 555.2508ms
[debug]     Load.loadUnit: defsScala took 0.006ms
[debug] [Loading] Scanning directory D:\ЖаваБИ\untitled
[debug]       Load.loadUnit: mkEval took 0.4205ms
[debug] [Loading] Found root project root w/ remaining 
[debug] deducing auto plugins based on known facts Set(Atom(sbt.plugins.CorePlugin)) and clauses Clauses(Clause(Atom(sbt.plugins.JvmPlugin),Set(Atom(sbt.plugins.IvyPlugin)))
[debug] Clause(Atom(sbt.ScriptedPlugin),Set(Atom(sbt.plugins.JvmPlugin)))
[debug] Clause(Atom(sbt.plugins.SbtPlugin),Set(Atom(sbt.ScriptedPlugin)))
[debug] Clause(Atom(sbt.plugins.SemanticdbPlugin),Set(Atom(sbt.plugins.JvmPlugin)))
[debug] Clause(Atom(sbt.plugins.JUnitXmlReportPlugin),Set(Atom(sbt.plugins.JvmPlugin)))
[debug] Clause(Atom(sbt.plugins.MiniDependencyTreePlugin),Set(Atom(sbt.plugins.JvmPlugin)))
[debug] Clause(Atom(org.jetbrains.sbt.StructurePlugin),Set(Atom(sbt.plugins.JvmPlugin)))
[debug] Clause(Atom(org.jetbrains.sbt.IdeaShellPlugin),Set(Atom(sbt.plugins.JvmPlugin)))
[debug] Clause(Atom(org.jetbrains.sbt.indices.SbtIntellijIndicesPlugin),Set(Atom(sbt.plugins.JvmPlugin)))
[debug] Clause(Atom(sbt.plugins.CorePlugin),Set(Atom(sbt.plugins.IvyPlugin)))
[debug] Clause(Atom(sbt.plugins.IvyPlugin),Set(Atom(sbt.plugins.JvmPlugin)))
[debug] Clause(Atom(sbt.plugins.JvmPlugin),Set(Atom(sbt.plugins.SemanticdbPlugin)))
[debug] Clause(Atom(sbt.plugins.JvmPlugin),Set(Atom(sbt.plugins.JUnitXmlReportPlugin)))
[debug] Clause(Atom(sbt.plugins.CorePlugin),Set(Atom(sbt.plugins.Giter8TemplatePlugin)))
[debug] Clause(Atom(sbt.plugins.JvmPlugin),Set(Atom(sbt.plugins.MiniDependencyTreePlugin)))
[debug] Clause(Atom(sbt.plugins.JvmPlugin),Set(Atom(org.jetbrains.sbt.StructurePlugin)))
[debug] Clause(Atom(sbt.plugins.JvmPlugin),Set(Atom(org.jetbrains.sbt.IdeaShellPlugin)))
[debug] Clause(And(Set(Atom(sbt.plugins.CorePlugin), Atom(sbt.plugins.JvmPlugin))),Set(Atom(org.jetbrains.sbt.indices.SbtIntellijIndicesPlugin))))
[debug]   :: deduced result: Matched(sbt.plugins.CorePlugin,sbt.plugins.Giter8TemplatePlugin,sbt.plugins.IvyPlugin,sbt.plugins.JvmPlugin,sbt.plugins.SemanticdbPlugin,org.jetbrains.sbt.indices.SbtIntellijIndicesPlugin,sbt.plugins.JUnitXmlReportPlugin,org.jetbrains.sbt.IdeaShellPlugin,org.jetbrains.sbt.StructurePlugin,sbt.plugins.MiniDependencyTreePlugin)
[debug] Plugins.deducer#function took 3.3872 ms
[info] loading settings for project root from build.sbt ...
[debug]         Load.resolveProject(root) took 71.9983ms
[debug]       Load.loadTransitive: finalizeProject(Project(id root, base: D:\ЖаваБИ\untitled, plugins: List(<none>))) took 76.3708ms
[debug] [Loading] Done in D:\ЖаваБИ\untitled, returning: (root)
[debug]     Load.loadUnit: loadedProjectsRaw took 184.0562ms
[debug]     Load.loadUnit: cleanEvalClasses took 17.8727ms
[debug]   Load.loadUnit(file:/D:/ЖаваБИ/untitled/, ...) took 758.7501ms
[debug] Load.apply: load took 760.8445ms
[debug] Load.apply: resolveProjects took 0.2019ms
[debug] Load.apply: finalTransforms took 35.9187ms
[debug] Load.apply: config.delegates took 0.7389ms
[debug] Load.apply: Def.make(settings)... took 95.4422ms
[debug] Load.apply: structureIndex took 27.5072ms
[debug] Load.apply: mkStreams took 0.0042ms
[warn] Discarding 1 session setting.  Use 'session save' to persist session settings.
[info] set current project to untitled (in build file:/D:/ЖаваБИ/untitled/)
[debug] > Exec(sbtPopOnFailure, None, None)
[debug] > Exec(resumeFromFailure, None, None)
[debug] > Exec(set _root_.org.jetbrains.sbt.StructureKeys.sbtStructureOptions in Global := "download resolveClassifiers", None, None)
[info] Defining Global / sbtStructureOptions
[info] The new value will be used by Global / ssOptions
[debug] Defining 
[debug] 	Global / sbtStructureOptions
[debug] 
[debug] The new value will be used by 
[debug] 	Global / ssOptions
[info] Reapplying settings...
[info] set current project to untitled (in build file:/D:/ЖаваБИ/untitled/)
[debug] > Exec(preferScala2, None, None)
[debug] > Exec(*/*:dumpStructureTo C:/Users/ylptr/AppData/Local/Temp/sbt-structure.xml, None, None)
[debug] Evaluating tasks: Global / dumpStructureTo
[warn] sbt 0.13 shell syntax is deprecated; use slash syntax instead: Global / dumpStructureTo
[debug] Running task... Cancel: Signal, check cycles: false, forcegc: true
[info] Writing structure to C:\Users\ylptr\AppData\Local\Temp\sbt-structure.xml...
[info] Done.
[success] Total time: 1 s, completed 15 февр. 2023 г., 14:06:34
[debug] > Exec(session clear-all, None, None)
[info] Reapplying settings...
[info] set current project to untitled (in build file:/D:/ЖаваБИ/untitled/)
[debug] > Exec(set ideaPort in Global := 62707, None, None)
[info] Defining Global / ideaPort
[info] The new value will be used by Compile / compile, Test / compile
[debug] Defining 
[debug] 	Global / ideaPort
[debug] 
[debug] The new value will be used by 
[debug] 	Compile / compile
[debug] 	Test / compile
[info] Reapplying settings...
[info] set current project to untitled (in build file:/D:/ЖаваБИ/untitled/)
[debug] > Exec(idea-shell, None, None)
[debug] > Exec(, None, None)
[debug] > Exec(idea-shell, None, None)
