[debug] > Exec(;reload; set _root_.org.jetbrains.sbt.StructureKeys.sbtStructureOptions in Global := "download resolveClassifiers" ;preferScala2;*/*:dumpStructureTo C:/Users/ylptr/AppData/Local/Temp/sbt-structure.xml; session clear-all ; set ideaPort in Global := 61675, None, None)
[debug] > Exec(reload, None, None)
[debug] > Exec(sbtStashOnFailure, None, None)
[debug] > Exec(onFailure loadFailed, None, None)
[debug] > Exec(loadp, None, None)
[info] welcome to sbt 1.6.0 (Oracle Corporation Java 19)
[debug]       Load.loadUnit: plugins took 29.091ms
[debug]       Load.loadUnit: defsScala took 0.0037ms
[debug] [Loading] Scanning directory C:\Users\ylptr\.sbt\1.0\plugins
[debug] [Loading] Found non-root projects 
[debug] [Loading] Done in C:\Users\ylptr\.sbt\1.0\plugins, returning: ()
[debug] deducing auto plugins based on known facts Set(Atom(sbt.plugins.CorePlugin)) and clauses Clauses(Clause(Atom(sbt.plugins.JvmPlugin),Set(Atom(sbt.plugins.IvyPlugin)))
[debug] Clause(Atom(sbt.ScriptedPlugin),Set(Atom(sbt.plugins.JvmPlugin)))
[debug] Clause(Atom(sbt.plugins.SbtPlugin),Set(Atom(sbt.ScriptedPlugin)))
[debug] Clause(Atom(sbt.plugins.SemanticdbPlugin),Set(Atom(sbt.plugins.JvmPlugin)))
[debug] Clause(Atom(sbt.plugins.JUnitXmlReportPlugin),Set(Atom(sbt.plugins.JvmPlugin)))
[debug] Clause(Atom(sbt.plugins.MiniDependencyTreePlugin),Set(Atom(sbt.plugins.JvmPlugin)))
[debug] Clause(Atom(sbt.plugins.CorePlugin),Set(Atom(sbt.plugins.IvyPlugin)))
[debug] Clause(Atom(sbt.plugins.IvyPlugin),Set(Atom(sbt.plugins.JvmPlugin)))
[debug] Clause(Atom(sbt.plugins.JvmPlugin),Set(Atom(sbt.plugins.SemanticdbPlugin)))
[debug] Clause(Atom(sbt.plugins.JvmPlugin),Set(Atom(sbt.plugins.JUnitXmlReportPlugin)))
[debug] Clause(Atom(sbt.plugins.CorePlugin),Set(Atom(sbt.plugins.Giter8TemplatePlugin)))
[debug] Clause(Atom(sbt.plugins.JvmPlugin),Set(Atom(sbt.plugins.MiniDependencyTreePlugin))))
[debug]   :: deduced result: Matched(sbt.plugins.CorePlugin,sbt.plugins.Giter8TemplatePlugin,sbt.plugins.IvyPlugin,sbt.plugins.JvmPlugin,sbt.plugins.MiniDependencyTreePlugin,sbt.plugins.JUnitXmlReportPlugin,sbt.plugins.SemanticdbPlugin)
[debug] Plugins.deducer#function took 1.7633 ms
[debug]           Load.resolveProject(global-plugins) took 1.226ms
[debug]         Load.loadTransitive: finalizeProject(Project(id global-plugins, base: C:\Users\ylptr\.sbt\1.0\plugins, plugins: List(<none>))) took 3.5996ms
[debug] [Loading] Done in C:\Users\ylptr\.sbt\1.0\plugins, returning: (global-plugins)
[debug]       Load.loadUnit: loadedProjectsRaw took 5.1768ms
[debug]       Load.loadUnit: cleanEvalClasses took 0.0156ms
[debug]     Load.loadUnit(file:/C:/Users/ylptr/.sbt/1.0/plugins/, ...) took 35.2863ms
[debug]   Load.apply: load took 37.425ms
[debug]   Load.apply: resolveProjects took 0.1473ms
[debug]   Load.apply: finalTransforms took 9.0718ms
[debug]   Load.apply: config.delegates took 0.5041ms
[debug]   Load.apply: Def.make(settings)... took 92.5857ms
[debug]   Load.apply: structureIndex took 49.0877ms
[debug]   Load.apply: mkStreams took 0.0038ms
[info] loading global plugins from C:\Users\ylptr\.sbt\1.0\plugins
[debug] Running task... Cancel: Signal, check cycles: false, forcegc: true
[debug] Load.defaultLoad until apply took 828.394ms
[debug]           Load.loadUnit: plugins took 67.2037ms
[debug]           Load.loadUnit: defsScala took 0.0132ms
[debug] [Loading] Scanning directory D:\ЖаваБИ\untitled\project
[debug]             Load.loadUnit: mkEval took 0.4906ms
[debug] [Loading] Found non-root projects 
[debug] [Loading] Done in D:\ЖаваБИ\untitled\project, returning: ()
[debug] deducing auto plugins based on known facts Set(Atom(sbt.plugins.CorePlugin)) and clauses Clauses(Clause(Atom(sbt.plugins.JvmPlugin),Set(Atom(sbt.plugins.IvyPlugin)))
[debug] Clause(Atom(sbt.ScriptedPlugin),Set(Atom(sbt.plugins.JvmPlugin)))
[debug] Clause(Atom(sbt.plugins.SbtPlugin),Set(Atom(sbt.ScriptedPlugin)))
[debug] Clause(Atom(sbt.plugins.SemanticdbPlugin),Set(Atom(sbt.plugins.JvmPlugin)))
[debug] Clause(Atom(sbt.plugins.JUnitXmlReportPlugin),Set(Atom(sbt.plugins.JvmPlugin)))
[debug] Clause(Atom(sbt.plugins.MiniDependencyTreePlugin),Set(Atom(sbt.plugins.JvmPlugin)))
[debug] Clause(Atom(sbt.plugins.CorePlugin),Set(Atom(sbt.plugins.IvyPlugin)))
[debug] Clause(Atom(sbt.plugins.IvyPlugin),Set(Atom(sbt.plugins.JvmPlugin)))
[debug] Clause(Atom(sbt.plugins.JvmPlugin),Set(Atom(sbt.plugins.SemanticdbPlugin)))
[debug] Clause(Atom(sbt.plugins.JvmPlugin),Set(Atom(sbt.plugins.JUnitXmlReportPlugin)))
[debug] Clause(Atom(sbt.plugins.CorePlugin),Set(Atom(sbt.plugins.Giter8TemplatePlugin)))
[debug] Clause(Atom(sbt.plugins.JvmPlugin),Set(Atom(sbt.plugins.MiniDependencyTreePlugin))))
[debug]   :: deduced result: Matched(sbt.plugins.CorePlugin,sbt.plugins.Giter8TemplatePlugin,sbt.plugins.IvyPlugin,sbt.plugins.JvmPlugin,sbt.plugins.MiniDependencyTreePlugin,sbt.plugins.JUnitXmlReportPlugin,sbt.plugins.SemanticdbPlugin)
[debug] Plugins.deducer#function took 2.9778 ms
[info] loading settings for project untitled-build from idea1.sbt ...
[debug]               Load.resolveProject(untitled-build) took 3.4043ms
[debug]             Load.loadTransitive: finalizeProject(Project(id untitled-build, base: D:\ЖаваБИ\untitled\project, plugins: List(<none>))) took 7.6356ms
[debug] [Loading] Done in D:\ЖаваБИ\untitled\project, returning: (untitled-build)
[debug]           Load.loadUnit: loadedProjectsRaw took 101.2088ms
[debug]           Load.loadUnit: cleanEvalClasses took 3.0656ms
[debug]         Load.loadUnit(file:/D:/ЖаваБИ/untitled/project/, ...) took 173.1198ms
[debug]       Load.apply: load took 175.102ms
[debug]       Load.apply: resolveProjects took 0.1403ms
[debug]       Load.apply: finalTransforms took 16.0743ms
[debug]       Load.apply: config.delegates took 0.7382ms
[debug]       Load.apply: Def.make(settings)... took 124.9121ms
[debug]       Load.apply: structureIndex took 42.9475ms
[debug]       Load.apply: mkStreams took 0.0038ms
[info] loading project definition from D:\ЖаваБИ\untitled\project
[debug] Running task... Cancel: Signal, check cycles: false, forcegc: true
[debug]     Load.loadUnit: plugins took 869.7883ms
[debug]     Load.loadUnit: defsScala took 0.0126ms
[debug] [Loading] Scanning directory D:\ЖаваБИ\untitled
[debug]       Load.loadUnit: mkEval took 0.4272ms
[debug] [Loading] Found root project root w/ remaining 
[debug] deducing auto plugins based on known facts Set(Atom(sbt.plugins.CorePlugin)) and clauses Clauses(Clause(Atom(sbt.plugins.JvmPlugin),Set(Atom(sbt.plugins.IvyPlugin)))
[debug] Clause(Atom(sbt.ScriptedPlugin),Set(Atom(sbt.plugins.JvmPlugin)))
[debug] Clause(Atom(sbt.plugins.SbtPlugin),Set(Atom(sbt.ScriptedPlugin)))
[debug] Clause(Atom(sbt.plugins.SemanticdbPlugin),Set(Atom(sbt.plugins.JvmPlugin)))
[debug] Clause(Atom(sbt.plugins.JUnitXmlReportPlugin),Set(Atom(sbt.plugins.JvmPlugin)))
[debug] Clause(Atom(sbt.plugins.MiniDependencyTreePlugin),Set(Atom(sbt.plugins.JvmPlugin)))
[debug] Clause(Atom(org.jetbrains.sbt.StructurePlugin),Set(Atom(sbt.plugins.JvmPlugin)))
[debug] Clause(Atom(org.jetbrains.sbt.IdeaShellPlugin),Set(Atom(sbt.plugins.JvmPlugin)))
[debug] Clause(Atom(org.jetbrains.sbt.indices.SbtIntellijIndicesPlugin),Set(Atom(sbt.plugins.JvmPlugin)))
[debug] Clause(Atom(sbt.plugins.CorePlugin),Set(Atom(sbt.plugins.IvyPlugin)))
[debug] Clause(Atom(sbt.plugins.IvyPlugin),Set(Atom(sbt.plugins.JvmPlugin)))
[debug] Clause(Atom(sbt.plugins.JvmPlugin),Set(Atom(sbt.plugins.SemanticdbPlugin)))
[debug] Clause(Atom(sbt.plugins.JvmPlugin),Set(Atom(sbt.plugins.JUnitXmlReportPlugin)))
[debug] Clause(Atom(sbt.plugins.CorePlugin),Set(Atom(sbt.plugins.Giter8TemplatePlugin)))
[debug] Clause(Atom(sbt.plugins.JvmPlugin),Set(Atom(sbt.plugins.MiniDependencyTreePlugin)))
[debug] Clause(Atom(sbt.plugins.JvmPlugin),Set(Atom(org.jetbrains.sbt.StructurePlugin)))
[debug] Clause(Atom(sbt.plugins.JvmPlugin),Set(Atom(org.jetbrains.sbt.IdeaShellPlugin)))
[debug] Clause(And(Set(Atom(sbt.plugins.CorePlugin), Atom(sbt.plugins.JvmPlugin))),Set(Atom(org.jetbrains.sbt.indices.SbtIntellijIndicesPlugin))))
[debug]   :: deduced result: Matched(sbt.plugins.CorePlugin,sbt.plugins.Giter8TemplatePlugin,sbt.plugins.IvyPlugin,sbt.plugins.JvmPlugin,sbt.plugins.SemanticdbPlugin,org.jetbrains.sbt.indices.SbtIntellijIndicesPlugin,sbt.plugins.JUnitXmlReportPlugin,org.jetbrains.sbt.IdeaShellPlugin,org.jetbrains.sbt.StructurePlugin,sbt.plugins.MiniDependencyTreePlugin)
[debug] Plugins.deducer#function took 4.2278 ms
[info] loading settings for project root from build.sbt ...
[debug]         Load.resolveProject(root) took 70.4269ms
[debug]       Load.loadTransitive: finalizeProject(Project(id root, base: D:\ЖаваБИ\untitled, plugins: List(<none>))) took 75.8402ms
[debug] [Loading] Done in D:\ЖаваБИ\untitled, returning: (root)
[debug]     Load.loadUnit: loadedProjectsRaw took 187.5987ms
[debug]     Load.loadUnit: cleanEvalClasses took 15.2489ms
[debug]   Load.loadUnit(file:/D:/ЖаваБИ/untitled/, ...) took 1074.1715ms
[debug] Load.apply: load took 1077.9841ms
[debug] Load.apply: resolveProjects took 0.2343ms
[debug] Load.apply: finalTransforms took 31.3464ms
[debug] Load.apply: config.delegates took 0.7213ms
[debug] Load.apply: Def.make(settings)... took 103.2738ms
[debug] Load.apply: structureIndex took 23.3228ms
[debug] Load.apply: mkStreams took 0.0028ms
[warn] Discarding 1 session setting.  Use 'session save' to persist session settings.
[info] set current project to untitled (in build file:/D:/ЖаваБИ/untitled/)
[debug] > Exec(sbtPopOnFailure, None, None)
[debug] > Exec(resumeFromFailure, None, None)
[debug] > Exec(set _root_.org.jetbrains.sbt.StructureKeys.sbtStructureOptions in Global := "download resolveClassifiers", None, None)
[info] Defining Global / sbtStructureOptions
[info] The new value will be used by Global / ssOptions
[debug] Defining 
[debug] 	Global / sbtStructureOptions
[debug] 
[debug] The new value will be used by 
[debug] 	Global / ssOptions
[info] Reapplying settings...
[info] set current project to untitled (in build file:/D:/ЖаваБИ/untitled/)
[debug] > Exec(preferScala2, None, None)
[debug] > Exec(*/*:dumpStructureTo C:/Users/ylptr/AppData/Local/Temp/sbt-structure.xml, None, None)
[debug] Evaluating tasks: Global / dumpStructureTo
[warn] sbt 0.13 shell syntax is deprecated; use slash syntax instead: Global / dumpStructureTo
[debug] Running task... Cancel: Signal, check cycles: false, forcegc: true
[info] Writing structure to C:\Users\ylptr\AppData\Local\Temp\sbt-structure.xml...
[info] Done.
[success] Total time: 1 s, completed 15 февр. 2023 г., 13:57:32
[debug] > Exec(session clear-all, None, None)
[info] Reapplying settings...
[info] set current project to untitled (in build file:/D:/ЖаваБИ/untitled/)
[debug] > Exec(set ideaPort in Global := 61675, None, None)
[info] Defining Global / ideaPort
[info] The new value will be used by Compile / compile, Test / compile
[debug] Defining 
[debug] 	Global / ideaPort
[debug] 
[debug] The new value will be used by 
[debug] 	Compile / compile
[debug] 	Test / compile
[info] Reapplying settings...
[info] set current project to untitled (in build file:/D:/ЖаваБИ/untitled/)
[debug] > Exec(idea-shell, None, None)
[debug] > Exec(, None, None)
[debug] > Exec(idea-shell, None, None)
